./display: line 3: chromium-browser: command not found
 * Serving Flask app "jarvis" (lazy loading)
 * Environment: development
 * Debug mode: on
 * Running on http://0.0.0.0:5000/ (Press CTRL+C to quit)
 * Restarting with stat
 * Debugger is active!
 * Debugger PIN: 292-134-774
./display: line 3: chromium-browser: command not found
 * Serving Flask app "jarvis" (lazy loading)
 * Environment: development
 * Debug mode: on
Traceback (most recent call last):
  File "/Library/Developer/CommandLineTools/Library/Frameworks/Python3.framework/Versions/3.7/lib/python3.7/runpy.py", line 193, in _run_module_as_main
    "__main__", mod_spec)
  File "/Library/Developer/CommandLineTools/Library/Frameworks/Python3.framework/Versions/3.7/lib/python3.7/runpy.py", line 85, in _run_code
    exec(code, run_globals)
  File "/Library/Python/3.7/site-packages/flask/__main__.py", line 15, in <module>
    main(as_module=True)
  File "/Library/Python/3.7/site-packages/flask/cli.py", line 966, in main
    cli.main(prog_name="python -m flask" if as_module else None)
  File "/Library/Python/3.7/site-packages/flask/cli.py", line 586, in main
    return super(FlaskGroup, self).main(*args, **kwargs)
  File "/Library/Python/3.7/site-packages/click/core.py", line 717, in main
    rv = self.invoke(ctx)
  File "/Library/Python/3.7/site-packages/click/core.py", line 1137, in invoke
    return _process_result(sub_ctx.command.invoke(sub_ctx))
  File "/Library/Python/3.7/site-packages/click/core.py", line 956, in invoke
    return ctx.invoke(self.callback, **ctx.params)
  File "/Library/Python/3.7/site-packages/click/core.py", line 555, in invoke
    return callback(*args, **kwargs)
  File "/Library/Python/3.7/site-packages/click/decorators.py", line 64, in new_func
    return ctx.invoke(f, obj, *args, **kwargs)
  File "/Library/Python/3.7/site-packages/click/core.py", line 555, in invoke
    return callback(*args, **kwargs)
  File "/Library/Python/3.7/site-packages/flask/cli.py", line 860, in run_command
    extra_files=extra_files,
  File "/Library/Python/3.7/site-packages/werkzeug/serving.py", line 988, in run_simple
    s.bind(server_address)
OSError: [Errno 48] Address already in use
./display: line 3: chromium-browser: command not found
 * Serving Flask app "jarvis" (lazy loading)
 * Environment: development
 * Debug mode: on
Traceback (most recent call last):
  File "/Library/Developer/CommandLineTools/Library/Frameworks/Python3.framework/Versions/3.7/lib/python3.7/runpy.py", line 193, in _run_module_as_main
    "__main__", mod_spec)
  File "/Library/Developer/CommandLineTools/Library/Frameworks/Python3.framework/Versions/3.7/lib/python3.7/runpy.py", line 85, in _run_code
    exec(code, run_globals)
  File "/Library/Python/3.7/site-packages/flask/__main__.py", line 15, in <module>
    main(as_module=True)
  File "/Library/Python/3.7/site-packages/flask/cli.py", line 966, in main
    cli.main(prog_name="python -m flask" if as_module else None)
  File "/Library/Python/3.7/site-packages/flask/cli.py", line 586, in main
    return super(FlaskGroup, self).main(*args, **kwargs)
  File "/Library/Python/3.7/site-packages/click/core.py", line 717, in main
    rv = self.invoke(ctx)
  File "/Library/Python/3.7/site-packages/click/core.py", line 1137, in invoke
    return _process_result(sub_ctx.command.invoke(sub_ctx))
  File "/Library/Python/3.7/site-packages/click/core.py", line 956, in invoke
    return ctx.invoke(self.callback, **ctx.params)
  File "/Library/Python/3.7/site-packages/click/core.py", line 555, in invoke
    return callback(*args, **kwargs)
  File "/Library/Python/3.7/site-packages/click/decorators.py", line 64, in new_func
    return ctx.invoke(f, obj, *args, **kwargs)
  File "/Library/Python/3.7/site-packages/click/core.py", line 555, in invoke
    return callback(*args, **kwargs)
  File "/Library/Python/3.7/site-packages/flask/cli.py", line 860, in run_command
    extra_files=extra_files,
  File "/Library/Python/3.7/site-packages/werkzeug/serving.py", line 988, in run_simple
    s.bind(server_address)
OSError: [Errno 48] Address already in use
